{
  "stats": {
    "suites": 4,
    "tests": 4,
    "passes": 3,
    "pending": 0,
    "failures": 1,
    "start": "2020-07-08T21:15:20.538Z",
    "end": "2020-07-08T21:15:56.885Z",
    "duration": 36347,
    "testsRegistered": 4,
    "passPercent": 75,
    "pendingPercent": 0,
    "other": 0,
    "hasOther": false,
    "skipped": 0,
    "hasSkipped": false
  },
  "results": [
    {
      "uuid": "7e7570b5-a2b9-491d-988c-3372c06c89a8",
      "title": "",
      "fullFile": "cypress/integration/login.js",
      "file": "cypress/integration/login.js",
      "beforeHooks": [],
      "afterHooks": [],
      "tests": [],
      "suites": [
        {
          "uuid": "8610d988-0ff4-4141-bbea-dc1da43f2f24",
          "title": "First Test",
          "fullFile": "",
          "file": "",
          "beforeHooks": [],
          "afterHooks": [],
          "tests": [
            {
              "title": "Successful Login",
              "fullTitle": "First Test Successful Login",
              "timedOut": null,
              "duration": 7338,
              "state": "passed",
              "speed": "slow",
              "pass": true,
              "fail": false,
              "pending": false,
              "context": null,
              "code": "cy.visit('https://www.moneysupermarket.com/my-account/sign-in/');\ncy.get('#email').type(\"bothees@gmail.com\");\ncy.get('#password').type(\"Autotest2018\");\ncy.get('#submit').click();\ncy.get('.sign-out__user-name').should('contain.text', 'Hi Boothiraj');\ncy.get('.sign-out__button').click();",
              "err": {},
              "uuid": "a5a25939-bb60-4666-bb12-88ad3245a12b",
              "parentUUID": "8610d988-0ff4-4141-bbea-dc1da43f2f24",
              "isHook": false,
              "skipped": false
            }
          ],
          "suites": [],
          "passes": [
            "a5a25939-bb60-4666-bb12-88ad3245a12b"
          ],
          "failures": [],
          "pending": [],
          "skipped": [],
          "duration": 7338,
          "root": false,
          "rootEmpty": false,
          "_timeout": 2000
        },
        {
          "uuid": "55ff5c47-51c9-43b4-b3b9-606d852e416f",
          "title": "Check Quote History",
          "fullFile": "",
          "file": "",
          "beforeHooks": [],
          "afterHooks": [],
          "tests": [
            {
              "title": "verify All the options available",
              "fullTitle": "Check Quote History verify All the options available",
              "timedOut": null,
              "duration": 5441,
              "state": "passed",
              "speed": "slow",
              "pass": true,
              "fail": false,
              "pending": false,
              "context": null,
              "code": "cy.get('.navigation-bar__item-link').each(function ($menu, index, $list) {\n  var t = $list.get(index).innerText;\n  expect(t).to.equal(list[index]);\n});\ncy.get('.sign-out__button').click();",
              "err": {},
              "uuid": "bcd899eb-1c7f-4320-8e82-89a699d8fd35",
              "parentUUID": "55ff5c47-51c9-43b4-b3b9-606d852e416f",
              "isHook": false,
              "skipped": false
            }
          ],
          "suites": [],
          "passes": [
            "bcd899eb-1c7f-4320-8e82-89a699d8fd35"
          ],
          "failures": [],
          "pending": [],
          "skipped": [],
          "duration": 5441,
          "root": false,
          "rootEmpty": false,
          "_timeout": 2000
        },
        {
          "uuid": "80678192-5185-4a2c-9a45-50a9b6a22888",
          "title": "Profile information",
          "fullFile": "",
          "file": "",
          "beforeHooks": [],
          "afterHooks": [],
          "tests": [
            {
              "title": "verify Profile information",
              "fullTitle": "Profile information verify Profile information",
              "timedOut": null,
              "duration": 5647,
              "state": "passed",
              "speed": "slow",
              "pass": true,
              "fail": false,
              "pending": false,
              "context": null,
              "code": "cy.get('.navigation-bar__item-link').each(function ($menu, index, $list) {\n  if ($list.get(index).innerText === list[2]) {\n    $list.get(index).click();\n  }\n});\ncy.get('.person-details__name').then(function ($input) {\n  expect($input[0].innerText).to.eq('Boothiraj Palanisamy');\n});\ncy.get('.sign-out__button').click();",
              "err": {},
              "uuid": "97d38402-2c28-4eec-b90d-48df1f468177",
              "parentUUID": "80678192-5185-4a2c-9a45-50a9b6a22888",
              "isHook": false,
              "skipped": false
            }
          ],
          "suites": [],
          "passes": [
            "97d38402-2c28-4eec-b90d-48df1f468177"
          ],
          "failures": [],
          "pending": [],
          "skipped": [],
          "duration": 5647,
          "root": false,
          "rootEmpty": false,
          "_timeout": 2000
        },
        {
          "uuid": "c19d48f7-27c0-4bab-902e-9abd1ee3c676",
          "title": "Top Navigation",
          "fullFile": "",
          "file": "",
          "beforeHooks": [],
          "afterHooks": [],
          "tests": [
            {
              "title": "Hover Top Navigation and click on option",
              "fullTitle": "Top Navigation Hover Top Navigation and click on option",
              "timedOut": null,
              "duration": 15605,
              "state": "failed",
              "speed": null,
              "pass": false,
              "fail": true,
              "pending": false,
              "context": null,
              "code": "cy.get('.top-navigation-container li').each(function ($menu, index, $list) {\n  if ($menu.text().includes(topNavigationList[0])) {\n    cy.wrap($menu).click();\n  }\n});\ncy.get('.sign-out__button').click();",
              "err": {
                "message": "CypressError: Timed out retrying: `cy.click()` failed because this element is not visible:\n\n`<li class=\"header-links-section-component\" data-ng-class=\"{ 'header-links-section-component--opened': navCtrl.opened === 'Insurance', 'header-links-section-component--switched': navCtrl.switched === 'Insurance' }\" data-ng-mouseenter=\"navCtrl.openDesktopMenu($event, 'Insurance')\" data-ng-mouseleave=\"navCtrl.closeDesktopMenu($event)\">...</li>`\n\nThis element `<li.header-links-section-component>` is not visible because its ancestor has `position: fixed` CSS property and it is overflowed by other elements. How about scrolling to the element with `cy.scrollIntoView()`?\n\nFix this problem, or use `{force: true}` to disable error checking.\n\nhttps://on.cypress.io/element-cannot-be-interacted-with",
                "estack": "CypressError: Timed out retrying: `cy.click()` failed because this element is not visible:\n\n`<li class=\"header-links-section-component\" data-ng-class=\"{ 'header-links-section-component--opened': navCtrl.opened === 'Insurance', 'header-links-section-component--switched': navCtrl.switched === 'Insurance' }\" data-ng-mouseenter=\"navCtrl.openDesktopMenu($event, 'Insurance')\" data-ng-mouseleave=\"navCtrl.closeDesktopMenu($event)\">...</li>`\n\nThis element `<li.header-links-section-component>` is not visible because its ancestor has `position: fixed` CSS property and it is overflowed by other elements. How about scrolling to the element with `cy.scrollIntoView()`?\n\nFix this problem, or use `{force: true}` to disable error checking.\n\nhttps://on.cypress.io/element-cannot-be-interacted-with\n    at $Cy.ensureVisibility (https://www.moneysupermarket.com/__cypress/runner/cypress_runner.js:159691:24)\n    at runAllChecks (https://www.moneysupermarket.com/__cypress/runner/cypress_runner.js:148822:14)\n    at retryActionability (https://www.moneysupermarket.com/__cypress/runner/cypress_runner.js:148865:16)\n    at tryCatcher (https://www.moneysupermarket.com/__cypress/runner/cypress_runner.js:10130:23)\n    at Function.Promise.attempt.Promise.try (https://www.moneysupermarket.com/__cypress/runner/cypress_runner.js:7404:29)\n    at tryFn (https://www.moneysupermarket.com/__cypress/runner/cypress_runner.js:162938:24)\n    at whenStable (https://www.moneysupermarket.com/__cypress/runner/cypress_runner.js:162979:12)\n    at https://www.moneysupermarket.com/__cypress/runner/cypress_runner.js:162502:16\n    at tryCatcher (https://www.moneysupermarket.com/__cypress/runner/cypress_runner.js:10130:23)\n    at Promise._settlePromiseFromHandler (https://www.moneysupermarket.com/__cypress/runner/cypress_runner.js:8065:31)\n    at Promise._settlePromise (https://www.moneysupermarket.com/__cypress/runner/cypress_runner.js:8122:18)\n    at Promise._settlePromise0 (https://www.moneysupermarket.com/__cypress/runner/cypress_runner.js:8167:10)\n    at Promise._settlePromises (https://www.moneysupermarket.com/__cypress/runner/cypress_runner.js:8247:18)\n    at Promise._fulfill (https://www.moneysupermarket.com/__cypress/runner/cypress_runner.js:8191:18)\n    at https://www.moneysupermarket.com/__cypress/runner/cypress_runner.js:9805:46\nFrom Your Spec Code:\n    at Context.eval (https://www.moneysupermarket.com/__cypress/tests?p=cypress/integration/login.js:62:24)",
                "diff": null
              },
              "uuid": "cec02d1b-9667-433b-8967-f1df997de020",
              "parentUUID": "c19d48f7-27c0-4bab-902e-9abd1ee3c676",
              "isHook": false,
              "skipped": false
            }
          ],
          "suites": [],
          "passes": [],
          "failures": [
            "cec02d1b-9667-433b-8967-f1df997de020"
          ],
          "pending": [],
          "skipped": [],
          "duration": 15605,
          "root": false,
          "rootEmpty": false,
          "_timeout": 2000
        }
      ],
      "passes": [],
      "failures": [],
      "pending": [],
      "skipped": [],
      "duration": 0,
      "root": true,
      "rootEmpty": true,
      "_timeout": 2000
    }
  ],
  "meta": {
    "mocha": {
      "version": "7.0.1"
    },
    "mochawesome": {
      "options": {
        "quiet": false,
        "reportFilename": "mochawesome",
        "saveHtml": false,
        "saveJson": true,
        "consoleReporter": "spec",
        "useInlineDiffs": false,
        "code": true
      },
      "version": "6.1.1"
    },
    "marge": {
      "options": {
        "overwrite": false,
        "html": false,
        "json": true
      },
      "version": "5.1.0"
    }
  }
}