{
  "stats": {
    "suites": 1,
    "tests": 18,
    "passes": 18,
    "pending": 0,
    "failures": 0,
    "start": "2020-07-08T20:41:09.713Z",
    "end": "2020-07-08T20:41:16.740Z",
    "duration": 7027,
    "testsRegistered": 18,
    "passPercent": 100,
    "pendingPercent": 0,
    "other": 0,
    "hasOther": false,
    "skipped": 0,
    "hasSkipped": false
  },
  "results": [
    {
      "uuid": "48ad6ff9-6748-4408-a1a4-594211ab9213",
      "title": "",
      "fullFile": "cypress/integration/examples/traversal.spec.js",
      "file": "cypress/integration/examples/traversal.spec.js",
      "beforeHooks": [],
      "afterHooks": [],
      "tests": [],
      "suites": [
        {
          "uuid": "7986297e-3ded-4900-b8f1-76ce70343fbb",
          "title": "Traversal",
          "fullFile": "",
          "file": "",
          "beforeHooks": [],
          "afterHooks": [],
          "tests": [
            {
              "title": ".children() - get child DOM elements",
              "fullTitle": "Traversal .children() - get child DOM elements",
              "timedOut": null,
              "duration": 519,
              "state": "passed",
              "speed": "slow",
              "pass": true,
              "fail": false,
              "pending": false,
              "context": null,
              "code": "// https://on.cypress.io/children\ncy.get('.traversal-breadcrumb').children('.active').should('contain', 'Data');",
              "err": {},
              "uuid": "6ce5495a-9f20-473b-8936-421cd395954a",
              "parentUUID": "7986297e-3ded-4900-b8f1-76ce70343fbb",
              "isHook": false,
              "skipped": false
            },
            {
              "title": ".closest() - get closest ancestor DOM element",
              "fullTitle": "Traversal .closest() - get closest ancestor DOM element",
              "timedOut": null,
              "duration": 175,
              "state": "passed",
              "speed": "slow",
              "pass": true,
              "fail": false,
              "pending": false,
              "context": null,
              "code": "// https://on.cypress.io/closest\ncy.get('.traversal-badge').closest('ul').should('have.class', 'list-group');",
              "err": {},
              "uuid": "baaf272b-fb09-4764-b681-ae095e6abe8f",
              "parentUUID": "7986297e-3ded-4900-b8f1-76ce70343fbb",
              "isHook": false,
              "skipped": false
            },
            {
              "title": ".eq() - get a DOM element at a specific index",
              "fullTitle": "Traversal .eq() - get a DOM element at a specific index",
              "timedOut": null,
              "duration": 200,
              "state": "passed",
              "speed": "slow",
              "pass": true,
              "fail": false,
              "pending": false,
              "context": null,
              "code": "// https://on.cypress.io/eq\ncy.get('.traversal-list>li').eq(1).should('contain', 'siamese');",
              "err": {},
              "uuid": "ab4383d3-82a4-482d-96db-d3921d0e82a4",
              "parentUUID": "7986297e-3ded-4900-b8f1-76ce70343fbb",
              "isHook": false,
              "skipped": false
            },
            {
              "title": ".filter() - get DOM elements that match the selector",
              "fullTitle": "Traversal .filter() - get DOM elements that match the selector",
              "timedOut": null,
              "duration": 244,
              "state": "passed",
              "speed": "slow",
              "pass": true,
              "fail": false,
              "pending": false,
              "context": null,
              "code": "// https://on.cypress.io/filter\ncy.get('.traversal-nav>li').filter('.active').should('contain', 'About');",
              "err": {},
              "uuid": "2a47cee5-d512-4e02-a37c-2cf349905b20",
              "parentUUID": "7986297e-3ded-4900-b8f1-76ce70343fbb",
              "isHook": false,
              "skipped": false
            },
            {
              "title": ".find() - get descendant DOM elements of the selector",
              "fullTitle": "Traversal .find() - get descendant DOM elements of the selector",
              "timedOut": null,
              "duration": 340,
              "state": "passed",
              "speed": "slow",
              "pass": true,
              "fail": false,
              "pending": false,
              "context": null,
              "code": "// https://on.cypress.io/find\ncy.get('.traversal-pagination').find('li').find('a').should('have.length', 7);",
              "err": {},
              "uuid": "a037f980-c83e-4d62-a7df-f321eaf12db5",
              "parentUUID": "7986297e-3ded-4900-b8f1-76ce70343fbb",
              "isHook": false,
              "skipped": false
            },
            {
              "title": ".first() - get first DOM element",
              "fullTitle": "Traversal .first() - get first DOM element",
              "timedOut": null,
              "duration": 436,
              "state": "passed",
              "speed": "slow",
              "pass": true,
              "fail": false,
              "pending": false,
              "context": null,
              "code": "// https://on.cypress.io/first\ncy.get('.traversal-table td').first().should('contain', '1');",
              "err": {},
              "uuid": "a2b96ef5-cc21-4796-8ffc-e9453f56f0cd",
              "parentUUID": "7986297e-3ded-4900-b8f1-76ce70343fbb",
              "isHook": false,
              "skipped": false
            },
            {
              "title": ".last() - get last DOM element",
              "fullTitle": "Traversal .last() - get last DOM element",
              "timedOut": null,
              "duration": 341,
              "state": "passed",
              "speed": "slow",
              "pass": true,
              "fail": false,
              "pending": false,
              "context": null,
              "code": "// https://on.cypress.io/last\ncy.get('.traversal-buttons .btn').last().should('contain', 'Submit');",
              "err": {},
              "uuid": "3ac36ae6-457b-4abb-a4eb-133547d81a2f",
              "parentUUID": "7986297e-3ded-4900-b8f1-76ce70343fbb",
              "isHook": false,
              "skipped": false
            },
            {
              "title": ".next() - get next sibling DOM element",
              "fullTitle": "Traversal .next() - get next sibling DOM element",
              "timedOut": null,
              "duration": 276,
              "state": "passed",
              "speed": "slow",
              "pass": true,
              "fail": false,
              "pending": false,
              "context": null,
              "code": "// https://on.cypress.io/next\ncy.get('.traversal-ul').contains('apples').next().should('contain', 'oranges');",
              "err": {},
              "uuid": "9fe08335-ba16-40b0-a803-d4242c686111",
              "parentUUID": "7986297e-3ded-4900-b8f1-76ce70343fbb",
              "isHook": false,
              "skipped": false
            },
            {
              "title": ".nextAll() - get all next sibling DOM elements",
              "fullTitle": "Traversal .nextAll() - get all next sibling DOM elements",
              "timedOut": null,
              "duration": 235,
              "state": "passed",
              "speed": "slow",
              "pass": true,
              "fail": false,
              "pending": false,
              "context": null,
              "code": "// https://on.cypress.io/nextall\ncy.get('.traversal-next-all').contains('oranges').nextAll().should('have.length', 3);",
              "err": {},
              "uuid": "4fc09a1e-7752-4735-86ef-b5cffcf4f7e3",
              "parentUUID": "7986297e-3ded-4900-b8f1-76ce70343fbb",
              "isHook": false,
              "skipped": false
            },
            {
              "title": ".nextUntil() - get next sibling DOM elements until next el",
              "fullTitle": "Traversal .nextUntil() - get next sibling DOM elements until next el",
              "timedOut": null,
              "duration": 574,
              "state": "passed",
              "speed": "slow",
              "pass": true,
              "fail": false,
              "pending": false,
              "context": null,
              "code": "// https://on.cypress.io/nextuntil\ncy.get('#veggies').nextUntil('#nuts').should('have.length', 3);",
              "err": {},
              "uuid": "7796acba-f1bd-4a6e-8ea8-e3938a2c344e",
              "parentUUID": "7986297e-3ded-4900-b8f1-76ce70343fbb",
              "isHook": false,
              "skipped": false
            },
            {
              "title": ".not() - remove DOM elements from set of DOM elements",
              "fullTitle": "Traversal .not() - remove DOM elements from set of DOM elements",
              "timedOut": null,
              "duration": 362,
              "state": "passed",
              "speed": "slow",
              "pass": true,
              "fail": false,
              "pending": false,
              "context": null,
              "code": "// https://on.cypress.io/not\ncy.get('.traversal-disabled .btn').not('[disabled]').should('not.contain', 'Disabled');",
              "err": {},
              "uuid": "7531194b-6345-41f8-b8d1-8d01012dd2d5",
              "parentUUID": "7986297e-3ded-4900-b8f1-76ce70343fbb",
              "isHook": false,
              "skipped": false
            },
            {
              "title": ".parent() - get parent DOM element from DOM elements",
              "fullTitle": "Traversal .parent() - get parent DOM element from DOM elements",
              "timedOut": null,
              "duration": 235,
              "state": "passed",
              "speed": "slow",
              "pass": true,
              "fail": false,
              "pending": false,
              "context": null,
              "code": "// https://on.cypress.io/parent\ncy.get('.traversal-mark').parent().should('contain', 'Morbi leo risus');",
              "err": {},
              "uuid": "c5f27a0d-59b4-4ad2-b324-703d1a9d0b23",
              "parentUUID": "7986297e-3ded-4900-b8f1-76ce70343fbb",
              "isHook": false,
              "skipped": false
            },
            {
              "title": ".parents() - get parent DOM elements from DOM elements",
              "fullTitle": "Traversal .parents() - get parent DOM elements from DOM elements",
              "timedOut": null,
              "duration": 190,
              "state": "passed",
              "speed": "slow",
              "pass": true,
              "fail": false,
              "pending": false,
              "context": null,
              "code": "// https://on.cypress.io/parents\ncy.get('.traversal-cite').parents().should('match', 'blockquote');",
              "err": {},
              "uuid": "01337598-6f10-4f4d-9c39-26e64eb259ba",
              "parentUUID": "7986297e-3ded-4900-b8f1-76ce70343fbb",
              "isHook": false,
              "skipped": false
            },
            {
              "title": ".parentsUntil() - get parent DOM elements from DOM elements until el",
              "fullTitle": "Traversal .parentsUntil() - get parent DOM elements from DOM elements until el",
              "timedOut": null,
              "duration": 228,
              "state": "passed",
              "speed": "slow",
              "pass": true,
              "fail": false,
              "pending": false,
              "context": null,
              "code": "// https://on.cypress.io/parentsuntil\ncy.get('.clothes-nav').find('.active').parentsUntil('.clothes-nav').should('have.length', 2);",
              "err": {},
              "uuid": "dfb74ac2-ab12-4d19-93ae-e5c38b24cdda",
              "parentUUID": "7986297e-3ded-4900-b8f1-76ce70343fbb",
              "isHook": false,
              "skipped": false
            },
            {
              "title": ".prev() - get previous sibling DOM element",
              "fullTitle": "Traversal .prev() - get previous sibling DOM element",
              "timedOut": null,
              "duration": 185,
              "state": "passed",
              "speed": "slow",
              "pass": true,
              "fail": false,
              "pending": false,
              "context": null,
              "code": "// https://on.cypress.io/prev\ncy.get('.birds').find('.active').prev().should('contain', 'Lorikeets');",
              "err": {},
              "uuid": "a236d7c2-587a-416a-9a8e-088ade75668a",
              "parentUUID": "7986297e-3ded-4900-b8f1-76ce70343fbb",
              "isHook": false,
              "skipped": false
            },
            {
              "title": ".prevAll() - get all previous sibling DOM elements",
              "fullTitle": "Traversal .prevAll() - get all previous sibling DOM elements",
              "timedOut": null,
              "duration": 211,
              "state": "passed",
              "speed": "slow",
              "pass": true,
              "fail": false,
              "pending": false,
              "context": null,
              "code": "// https://on.cypress.io/prevAll\ncy.get('.fruits-list').find('.third').prevAll().should('have.length', 2);",
              "err": {},
              "uuid": "486f9a1e-7faf-4b64-a2eb-b451c7645d1e",
              "parentUUID": "7986297e-3ded-4900-b8f1-76ce70343fbb",
              "isHook": false,
              "skipped": false
            },
            {
              "title": ".prevUntil() - get all previous sibling DOM elements until el",
              "fullTitle": "Traversal .prevUntil() - get all previous sibling DOM elements until el",
              "timedOut": null,
              "duration": 209,
              "state": "passed",
              "speed": "slow",
              "pass": true,
              "fail": false,
              "pending": false,
              "context": null,
              "code": "// https://on.cypress.io/prevUntil\ncy.get('.foods-list').find('#nuts').prevUntil('#veggies').should('have.length', 3);",
              "err": {},
              "uuid": "b0af713b-129f-499e-bab9-6bbe23718e5a",
              "parentUUID": "7986297e-3ded-4900-b8f1-76ce70343fbb",
              "isHook": false,
              "skipped": false
            },
            {
              "title": ".siblings() - get all sibling DOM elements",
              "fullTitle": "Traversal .siblings() - get all sibling DOM elements",
              "timedOut": null,
              "duration": 384,
              "state": "passed",
              "speed": "slow",
              "pass": true,
              "fail": false,
              "pending": false,
              "context": null,
              "code": "// https://on.cypress.io/siblings\ncy.get('.traversal-pills .active').siblings().should('have.length', 2);",
              "err": {},
              "uuid": "b5047ca6-1a70-4af1-a183-bef46d11d3c8",
              "parentUUID": "7986297e-3ded-4900-b8f1-76ce70343fbb",
              "isHook": false,
              "skipped": false
            }
          ],
          "suites": [],
          "passes": [
            "6ce5495a-9f20-473b-8936-421cd395954a",
            "baaf272b-fb09-4764-b681-ae095e6abe8f",
            "ab4383d3-82a4-482d-96db-d3921d0e82a4",
            "2a47cee5-d512-4e02-a37c-2cf349905b20",
            "a037f980-c83e-4d62-a7df-f321eaf12db5",
            "a2b96ef5-cc21-4796-8ffc-e9453f56f0cd",
            "3ac36ae6-457b-4abb-a4eb-133547d81a2f",
            "9fe08335-ba16-40b0-a803-d4242c686111",
            "4fc09a1e-7752-4735-86ef-b5cffcf4f7e3",
            "7796acba-f1bd-4a6e-8ea8-e3938a2c344e",
            "7531194b-6345-41f8-b8d1-8d01012dd2d5",
            "c5f27a0d-59b4-4ad2-b324-703d1a9d0b23",
            "01337598-6f10-4f4d-9c39-26e64eb259ba",
            "dfb74ac2-ab12-4d19-93ae-e5c38b24cdda",
            "a236d7c2-587a-416a-9a8e-088ade75668a",
            "486f9a1e-7faf-4b64-a2eb-b451c7645d1e",
            "b0af713b-129f-499e-bab9-6bbe23718e5a",
            "b5047ca6-1a70-4af1-a183-bef46d11d3c8"
          ],
          "failures": [],
          "pending": [],
          "skipped": [],
          "duration": 5344,
          "root": false,
          "rootEmpty": false,
          "_timeout": 2000
        }
      ],
      "passes": [],
      "failures": [],
      "pending": [],
      "skipped": [],
      "duration": 0,
      "root": true,
      "rootEmpty": true,
      "_timeout": 2000
    }
  ],
  "meta": {
    "mocha": {
      "version": "7.0.1"
    },
    "mochawesome": {
      "options": {
        "quiet": false,
        "reportFilename": "mochawesome",
        "saveHtml": false,
        "saveJson": true,
        "consoleReporter": "spec",
        "useInlineDiffs": false,
        "code": true
      },
      "version": "6.1.1"
    },
    "marge": {
      "options": {
        "overwrite": false,
        "html": false,
        "json": true
      },
      "version": "5.1.0"
    }
  }
}