{
  "stats": {
    "suites": 1,
    "tests": 1,
    "passes": 0,
    "pending": 0,
    "failures": 1,
    "start": "2020-07-14T13:57:00.065Z",
    "end": "2020-07-14T13:57:10.876Z",
    "duration": 10811,
    "testsRegistered": 1,
    "passPercent": 0,
    "pendingPercent": 0,
    "other": 0,
    "hasOther": false,
    "skipped": 0,
    "hasSkipped": false
  },
  "results": [
    {
      "uuid": "413c66b1-98d8-4956-96f3-f538cb6c023f",
      "title": "",
      "fullFile": "cypress/integration/newUserCreation.js",
      "file": "cypress/integration/newUserCreation.js",
      "beforeHooks": [],
      "afterHooks": [],
      "tests": [],
      "suites": [
        {
          "uuid": "9b87430f-7481-48f6-8497-8c91dc7fd037",
          "title": "Create new account on selfridges",
          "fullFile": "",
          "file": "",
          "beforeHooks": [],
          "afterHooks": [],
          "tests": [
            {
              "title": "New Account registration",
              "fullTitle": "Create new account on selfridges New Account registration",
              "timedOut": null,
              "duration": 8507,
              "state": "failed",
              "speed": null,
              "pass": false,
              "fail": true,
              "pending": false,
              "context": null,
              "code": "cy.visit('https://www.selfridges.com/GB/en/webapp/wcs/stores/servlet/UserRegistrationForm?currPage=__currPage__&storeId=10052&&editRegistration=Y&bct=&langId=-1&catalogId=16151');\ncy.get('#Register').click();\ncy.get('#dk_container_personTitle').click();\ncy.get('.dk_options li a').contains('Miss').click();\ncy.get('#firstName').type('TestingCypress');\ncy.get('#lastName').type('LastName');\ncy.get('#registerLogonId').type('testinnggg@hotmail.com'); //    cy.get('.radioContainer [type=\"radio\"][value=\"N\"]').scrollIntoView()\n//    .check().should('be.checked')\ncy.get('#registerLogonPassword').type('Thsfnsjjvsd123£', {\n  force: true\n});\ncy.get('#logonPasswordVerify').click().type('Cypress1245$');\ncy.contains('Create an account').click();",
              "err": {
                "message": "ReferenceError: The following error originated from your application code, not from Cypress.\n\n  > that is not defined\n\nWhen Cypress detects uncaught errors originating from your application it will automatically fail the current test.\n\nThis behavior is configurable, and you can choose to turn this off by listening to the `uncaught:exception` event.\n\nhttps://on.cypress.io/uncaught-exception-from-application",
                "estack": "ReferenceError: The following error originated from your application code, not from Cypress.\n\n  > that is not defined\n\nWhen Cypress detects uncaught errors originating from your application it will automatically fail the current test.\n\nThis behavior is configurable, and you can choose to turn this off by listening to the `uncaught:exception` event.\n\nhttps://on.cypress.io/uncaught-exception-from-application\nactivateEvents/<@https://www.selfridges.com/wcsstore1.00.00.1046/ConsumerDirectStorefrontAssetStore/SiteRedesign/static/js/modules/sign_in.js:1:1475\ndispatch@https://www.selfridges.com/wcsstore1.00.00.1046/ConsumerDirectStorefrontAssetStore/SiteRedesign/static/js/rbottomhead.min.js:1:42342\nadd/v.handle@https://www.selfridges.com/wcsstore1.00.00.1046/ConsumerDirectStorefrontAssetStore/SiteRedesign/static/js/rbottomhead.min.js:1:40354\ndispatchChangeEvent@https://www.selfridges.com/__cypress/runner/cypress_runner.js:152409:29\nonValueChange/<@https://www.selfridges.com/__cypress/runner/cypress_runner.js:152482:17\ndispatchPrimedChangeEvents@https://www.selfridges.com/__cypress/runner/cypress_runner.js:148524:12\nfireFocus@https://www.selfridges.com/__cypress/runner/cypress_runner.js:160130:20\ndown@https://www.selfridges.com/__cypress/runner/cypress_runner.js:162063:19\nclick@https://www.selfridges.com/__cypress/runner/cypress_runner.js:162122:34\nonReady@https://www.selfridges.com/__cypress/runner/cypress_runner.js:150893:35\nonReady@https://www.selfridges.com/__cypress/runner/cypress_runner.js:150845:30\nrunAllChecks@https://www.selfridges.com/__cypress/runner/cypress_runner.js:148856:14\nretryActionability@https://www.selfridges.com/__cypress/runner/cypress_runner.js:148865:16\nverify/<@https://www.selfridges.com/__cypress/runner/cypress_runner.js:148870:7\ntryCatcher@https://www.selfridges.com/__cypress/runner/cypress_runner.js:10130:23\n../../node_modules/bluebird/js/release/method.js/module.exports/Promise.try@https://www.selfridges.com/__cypress/runner/cypress_runner.js:7404:29\nverify@https://www.selfridges.com/__cypress/runner/cypress_runner.js:148796:18\nperform@https://www.selfridges.com/__cypress/runner/cypress_runner.js:150834:29\ntryCatcher@https://www.selfridges.com/__cypress/runner/cypress_runner.js:10130:23\ngotValue@https://www.selfridges.com/__cypress/runner/cypress_runner.js:9272:18\ngotAccum@https://www.selfridges.com/__cypress/runner/cypress_runner.js:9261:25\ntryCatcher@https://www.selfridges.com/__cypress/runner/cypress_runner.js:10130:23\n../../node_modules/bluebird/js/release/promise.js/</module.exports/Promise.prototype._settlePromiseFromHandler@https://www.selfridges.com/__cypress/runner/cypress_runner.js:8065:31\n../../node_modules/bluebird/js/release/promise.js/</module.exports/Promise.prototype._settlePromise@https://www.selfridges.com/__cypress/runner/cypress_runner.js:8122:18\n../../node_modules/bluebird/js/release/promise.js/</module.exports/Promise.prototype._settlePromiseCtx@https://www.selfridges.com/__cypress/runner/cypress_runner.js:8159:10\n_drainQueueStep@https://www.selfridges.com/__cypress/runner/cypress_runner.js:4841:12\n_drainQueue@https://www.selfridges.com/__cypress/runner/cypress_runner.js:4830:9\n../../node_modules/bluebird/js/release/async.js/</Async.prototype._drainQueues@https://www.selfridges.com/__cypress/runner/cypress_runner.js:4846:5\nAsync/this.drainQueues@https://www.selfridges.com/__cypress/runner/cypress_runner.js:4716:14\n",
                "diff": null
              },
              "uuid": "4f5cede4-95dc-4dc9-a7fa-0ca580ccee1f",
              "parentUUID": "9b87430f-7481-48f6-8497-8c91dc7fd037",
              "isHook": false,
              "skipped": false
            }
          ],
          "suites": [],
          "passes": [],
          "failures": [
            "4f5cede4-95dc-4dc9-a7fa-0ca580ccee1f"
          ],
          "pending": [],
          "skipped": [],
          "duration": 8507,
          "root": false,
          "rootEmpty": false,
          "_timeout": 2000
        }
      ],
      "passes": [],
      "failures": [],
      "pending": [],
      "skipped": [],
      "duration": 0,
      "root": true,
      "rootEmpty": true,
      "_timeout": 2000
    }
  ],
  "meta": {
    "mocha": {
      "version": "7.0.1"
    },
    "mochawesome": {
      "options": {
        "quiet": false,
        "reportFilename": "mochawesome",
        "saveHtml": false,
        "saveJson": true,
        "consoleReporter": "spec",
        "useInlineDiffs": false,
        "code": true
      },
      "version": "6.1.1"
    },
    "marge": {
      "options": {
        "overwrite": false,
        "html": false,
        "json": true
      },
      "version": "5.1.0"
    }
  }
}