{
  "stats": {
    "suites": 1,
    "tests": 1,
    "passes": 0,
    "pending": 0,
    "failures": 1,
    "start": "2020-07-14T14:25:28.450Z",
    "end": "2020-07-14T14:26:51.824Z",
    "duration": 83374,
    "testsRegistered": 1,
    "passPercent": 0,
    "pendingPercent": 0,
    "other": 0,
    "hasOther": false,
    "skipped": 0,
    "hasSkipped": false
  },
  "results": [
    {
      "uuid": "a79d5950-edf2-410e-ad98-90f138392294",
      "title": "",
      "fullFile": "cypress/integration/newUserCreation.js",
      "file": "cypress/integration/newUserCreation.js",
      "beforeHooks": [],
      "afterHooks": [],
      "tests": [],
      "suites": [
        {
          "uuid": "941a854a-4226-4116-b0e2-6b541c4341d6",
          "title": "Create new account on selfridges",
          "fullFile": "",
          "file": "",
          "beforeHooks": [],
          "afterHooks": [],
          "tests": [
            {
              "title": "New Account registration",
              "fullTitle": "Create new account on selfridges New Account registration",
              "timedOut": null,
              "duration": 81231,
              "state": "failed",
              "speed": null,
              "pass": false,
              "fail": true,
              "pending": false,
              "context": null,
              "code": "cy.visit('https://www.selfridges.com/GB/en/webapp/wcs/stores/servlet/UserRegistrationForm?currPage=__currPage__&storeId=10052&&editRegistration=Y&bct=&langId=-1&catalogId=16151');\ncy.get('#Register').click();\ncy.get('#dk_container_personTitle').click();\ncy.get('.dk_options li a').contains('Miss').click();\ncy.get('#firstName').type('TestingCypress');\ncy.get('#lastName').type('LastName');\ncy.get('#registerLogonId').type('testinnggg@hotmail.com');\ncy.get('label[for=\"marketingOptionRadio_yes\"]').scrollIntoView().check();\ncy.get('#registerLogonPassword').type('Thsfnsjjvsd123£');\ncy.get('#logonPasswordVerify').click().type('Cypress1245$');\ncy.contains('Create an account').click();",
              "err": {
                "message": "CypressError: `cy.check()` can only be called on `:checkbox` and `:radio`. Your subject is a: `<label for=\"marketingOptionRadio_yes\">Yes please</label>`\n\nhttps://on.cypress.io/check",
                "estack": "CypressError: `cy.check()` can only be called on `:checkbox` and `:radio`. Your subject is a: `<label for=\"marketingOptionRadio_yes\">Yes please</label>`\n\nhttps://on.cypress.io/check\n    at checkOrUncheckEl (https://www.selfridges.com/__cypress/runner/cypress_runner.js:150544:17)\n    at tryCatcher (https://www.selfridges.com/__cypress/runner/cypress_runner.js:10130:23)\n    at Object.gotValue (https://www.selfridges.com/__cypress/runner/cypress_runner.js:9272:18)\n    at Object.gotAccum (https://www.selfridges.com/__cypress/runner/cypress_runner.js:9261:25)\n    at Object.tryCatcher (https://www.selfridges.com/__cypress/runner/cypress_runner.js:10130:23)\n    at Promise._settlePromiseFromHandler (https://www.selfridges.com/__cypress/runner/cypress_runner.js:8065:31)\n    at Promise._settlePromise (https://www.selfridges.com/__cypress/runner/cypress_runner.js:8122:18)\n    at Promise._settlePromiseCtx (https://www.selfridges.com/__cypress/runner/cypress_runner.js:8159:10)\n    at _drainQueueStep (https://www.selfridges.com/__cypress/runner/cypress_runner.js:4841:12)\n    at _drainQueue (https://www.selfridges.com/__cypress/runner/cypress_runner.js:4830:9)\n    at Async.../../node_modules/bluebird/js/release/async.js.Async._drainQueues (https://www.selfridges.com/__cypress/runner/cypress_runner.js:4846:5)\n    at Async.drainQueues (https://www.selfridges.com/__cypress/runner/cypress_runner.js:4716:14)\nFrom Your Spec Code:\n    at Context.eval (https://www.selfridges.com/__cypress/tests?p=cypress/integration/newUserCreation.js:13:70)",
                "diff": null
              },
              "uuid": "e283f1c5-8182-4788-b903-55931342d876",
              "parentUUID": "941a854a-4226-4116-b0e2-6b541c4341d6",
              "isHook": false,
              "skipped": false
            }
          ],
          "suites": [],
          "passes": [],
          "failures": [
            "e283f1c5-8182-4788-b903-55931342d876"
          ],
          "pending": [],
          "skipped": [],
          "duration": 81231,
          "root": false,
          "rootEmpty": false,
          "_timeout": 2000
        }
      ],
      "passes": [],
      "failures": [],
      "pending": [],
      "skipped": [],
      "duration": 0,
      "root": true,
      "rootEmpty": true,
      "_timeout": 2000
    }
  ],
  "meta": {
    "mocha": {
      "version": "7.0.1"
    },
    "mochawesome": {
      "options": {
        "quiet": false,
        "reportFilename": "mochawesome",
        "saveHtml": false,
        "saveJson": true,
        "consoleReporter": "spec",
        "useInlineDiffs": false,
        "code": true
      },
      "version": "6.1.1"
    },
    "marge": {
      "options": {
        "overwrite": false,
        "html": false,
        "json": true
      },
      "version": "5.1.0"
    }
  }
}