{
  "stats": {
    "suites": 1,
    "tests": 1,
    "passes": 0,
    "pending": 0,
    "failures": 1,
    "start": "2020-07-14T13:56:19.207Z",
    "end": "2020-07-14T13:56:34.361Z",
    "duration": 15154,
    "testsRegistered": 1,
    "passPercent": 0,
    "pendingPercent": 0,
    "other": 0,
    "hasOther": false,
    "skipped": 0,
    "hasSkipped": false
  },
  "results": [
    {
      "uuid": "31dae09e-4d0f-432f-ac55-887341459522",
      "title": "",
      "fullFile": "cypress/integration/newUserCreation.js",
      "file": "cypress/integration/newUserCreation.js",
      "beforeHooks": [],
      "afterHooks": [],
      "tests": [],
      "suites": [
        {
          "uuid": "c856beba-9df6-476f-bd64-2b753056a3f5",
          "title": "Create new account on selfridges",
          "fullFile": "",
          "file": "",
          "beforeHooks": [],
          "afterHooks": [],
          "tests": [
            {
              "title": "New Account registration",
              "fullTitle": "Create new account on selfridges New Account registration",
              "timedOut": null,
              "duration": 13239,
              "state": "failed",
              "speed": null,
              "pass": false,
              "fail": true,
              "pending": false,
              "context": null,
              "code": "cy.visit('https://www.selfridges.com/GB/en/webapp/wcs/stores/servlet/UserRegistrationForm?currPage=__currPage__&storeId=10052&&editRegistration=Y&bct=&langId=-1&catalogId=16151');\ncy.get('#Register').click();\ncy.get('#dk_container_personTitle').click();\ncy.get('.dk_options li a').contains('Miss').click();\ncy.get('#firstName').type('TestingCypress');\ncy.get('#lastName').type('LastName');\ncy.get('#registerLogonId').type('testinnggg@hotmail.com'); //    cy.get('.radioContainer [type=\"radio\"][value=\"N\"]').scrollIntoView()\n//    .check().should('be.checked')\ncy.get('#registerLogonPassword').type('Thsfnsjjvsd123£', {\n  force: true\n});\ncy.get('#logonPasswordVerify').click().type('Cypress1245$');\ncy.contains('Create an account').click();",
              "err": {
                "message": "CypressError: Timed out retrying: `cy.click()` failed because this element is not visible:\n\n`<div class=\"dk_container dk_theme_default dk personTitle\" id=\"dk_container_personTitle\" tabindex=\"0\" aria-hidden=\"true\">...</div>`\n\nThis element `<div#dk_container_personTitle.dk_container.dk_theme_default.dk.personTitle>` is not visible because its parent `<div.slide>` has CSS property: `display: none`\n\nFix this problem, or use `{force: true}` to disable error checking.\n\nhttps://on.cypress.io/element-cannot-be-interacted-with",
                "estack": "CypressError: Timed out retrying: `cy.click()` failed because this element is not visible:\n\n`<div class=\"dk_container dk_theme_default dk personTitle\" id=\"dk_container_personTitle\" tabindex=\"0\" aria-hidden=\"true\">...</div>`\n\nThis element `<div#dk_container_personTitle.dk_container.dk_theme_default.dk.personTitle>` is not visible because its parent `<div.slide>` has CSS property: `display: none`\n\nFix this problem, or use `{force: true}` to disable error checking.\n\nhttps://on.cypress.io/element-cannot-be-interacted-with\nensureVisibility@https://www.selfridges.com/__cypress/runner/cypress_runner.js:159691:24\nrunAllChecks@https://www.selfridges.com/__cypress/runner/cypress_runner.js:148822:14\nretryActionability@https://www.selfridges.com/__cypress/runner/cypress_runner.js:148865:16\ntryCatcher@https://www.selfridges.com/__cypress/runner/cypress_runner.js:10130:23\n../../node_modules/bluebird/js/release/method.js/module.exports/Promise.try@https://www.selfridges.com/__cypress/runner/cypress_runner.js:7404:29\ntryFn@https://www.selfridges.com/__cypress/runner/cypress_runner.js:162938:18\nwhenStable@https://www.selfridges.com/__cypress/runner/cypress_runner.js:162979:12\nretry/<@https://www.selfridges.com/__cypress/runner/cypress_runner.js:162502:16\ntryCatcher@https://www.selfridges.com/__cypress/runner/cypress_runner.js:10130:23\n../../node_modules/bluebird/js/release/promise.js/</module.exports/Promise.prototype._settlePromiseFromHandler@https://www.selfridges.com/__cypress/runner/cypress_runner.js:8065:31\n../../node_modules/bluebird/js/release/promise.js/</module.exports/Promise.prototype._settlePromise@https://www.selfridges.com/__cypress/runner/cypress_runner.js:8122:18\n../../node_modules/bluebird/js/release/promise.js/</module.exports/Promise.prototype._settlePromise0@https://www.selfridges.com/__cypress/runner/cypress_runner.js:8167:10\n../../node_modules/bluebird/js/release/promise.js/</module.exports/Promise.prototype._settlePromises@https://www.selfridges.com/__cypress/runner/cypress_runner.js:8247:18\n../../node_modules/bluebird/js/release/promise.js/</module.exports/Promise.prototype._fulfill@https://www.selfridges.com/__cypress/runner/cypress_runner.js:8191:18\n../../node_modules/bluebird/js/release/timers.js/module.exports/Promise.delay/handle<@https://www.selfridges.com/__cypress/runner/cypress_runner.js:9805:46\nFrom Your Spec Code:\n    ensureExistence@https://www.selfridges.com/__cypress/runner/cypress_runner.js:159775:7\n    ensureElExistence@https://www.selfridges.com/__cypress/runner/cypress_runner.js:159793:12\n    ensureExistence@https://www.selfridges.com/__cypress/runner/cypress_runner.js:149213:23\n    onFailFn@https://www.selfridges.com/__cypress/runner/cypress_runner.js:149251:9\n    tryCatcher@https://www.selfridges.com/__cypress/runner/cypress_runner.js:10130:23\n    ../../node_modules/bluebird/js/release/promise.js/</module.exports/Promise.prototype._settlePromiseFromHandler@https://www.selfridges.com/__cypress/runner/cypress_runner.js:8065:31\n    ../../node_modules/bluebird/js/release/promise.js/</module.exports/Promise.prototype._settlePromise@https://www.selfridges.com/__cypress/runner/cypress_runner.js:8122:18\n    ../../node_modules/bluebird/js/release/promise.js/</module.exports/Promise.prototype._settlePromise0@https://www.selfridges.com/__cypress/runner/cypress_runner.js:8167:10\n    ../../node_modules/bluebird/js/release/promise.js/</module.exports/Promise.prototype._settlePromises@https://www.selfridges.com/__cypress/runner/cypress_runner.js:8243:18\n    _drainQueueStep@https://www.selfridges.com/__cypress/runner/cypress_runner.js:4837:12\n    _drainQueue@https://www.selfridges.com/__cypress/runner/cypress_runner.js:4830:9\n    ../../node_modules/bluebird/js/release/async.js/</Async.prototype._drainQueues@https://www.selfridges.com/__cypress/runner/cypress_runner.js:4846:5\n    Async/this.drainQueues@https://www.selfridges.com/__cypress/runner/cypress_runner.js:4716:14\n",
                "diff": null
              },
              "uuid": "b32b99c2-fef8-4918-8cf8-6a35316d2c19",
              "parentUUID": "c856beba-9df6-476f-bd64-2b753056a3f5",
              "isHook": false,
              "skipped": false
            }
          ],
          "suites": [],
          "passes": [],
          "failures": [
            "b32b99c2-fef8-4918-8cf8-6a35316d2c19"
          ],
          "pending": [],
          "skipped": [],
          "duration": 13239,
          "root": false,
          "rootEmpty": false,
          "_timeout": 2000
        }
      ],
      "passes": [],
      "failures": [],
      "pending": [],
      "skipped": [],
      "duration": 0,
      "root": true,
      "rootEmpty": true,
      "_timeout": 2000
    }
  ],
  "meta": {
    "mocha": {
      "version": "7.0.1"
    },
    "mochawesome": {
      "options": {
        "quiet": false,
        "reportFilename": "mochawesome",
        "saveHtml": false,
        "saveJson": true,
        "consoleReporter": "spec",
        "useInlineDiffs": false,
        "code": true
      },
      "version": "6.1.1"
    },
    "marge": {
      "options": {
        "overwrite": false,
        "html": false,
        "json": true
      },
      "version": "5.1.0"
    }
  }
}