{
  "stats": {
    "suites": 1,
    "tests": 3,
    "passes": 3,
    "pending": 0,
    "failures": 0,
    "start": "2020-07-08T20:41:48.037Z",
    "end": "2020-07-08T20:41:50.239Z",
    "duration": 2202,
    "testsRegistered": 3,
    "passPercent": 100,
    "pendingPercent": 0,
    "other": 0,
    "hasOther": false,
    "skipped": 0,
    "hasSkipped": false
  },
  "results": [
    {
      "uuid": "e61e746a-2b4a-40be-adec-68bcbf243876",
      "title": "",
      "fullFile": "cypress/integration/examples/window.spec.js",
      "file": "cypress/integration/examples/window.spec.js",
      "beforeHooks": [],
      "afterHooks": [],
      "tests": [],
      "suites": [
        {
          "uuid": "6c3f79a6-a39a-44cf-97d3-ed8f5d20dcea",
          "title": "Window",
          "fullFile": "",
          "file": "",
          "beforeHooks": [],
          "afterHooks": [],
          "tests": [
            {
              "title": "cy.window() - get the global window object",
              "fullTitle": "Window cy.window() - get the global window object",
              "timedOut": null,
              "duration": 401,
              "state": "passed",
              "speed": "slow",
              "pass": true,
              "fail": false,
              "pending": false,
              "context": null,
              "code": "// https://on.cypress.io/window\ncy.window().should('have.property', 'top');",
              "err": {},
              "uuid": "b95067f6-35bd-4df9-b632-a9af35e8b31d",
              "parentUUID": "6c3f79a6-a39a-44cf-97d3-ed8f5d20dcea",
              "isHook": false,
              "skipped": false
            },
            {
              "title": "cy.document() - get the document object",
              "fullTitle": "Window cy.document() - get the document object",
              "timedOut": null,
              "duration": 473,
              "state": "passed",
              "speed": "slow",
              "pass": true,
              "fail": false,
              "pending": false,
              "context": null,
              "code": "// https://on.cypress.io/document\ncy.document().should('have.property', 'charset').and('eq', 'UTF-8');",
              "err": {},
              "uuid": "2fd72c37-c05f-480e-b437-cc926102ed66",
              "parentUUID": "6c3f79a6-a39a-44cf-97d3-ed8f5d20dcea",
              "isHook": false,
              "skipped": false
            },
            {
              "title": "cy.title() - get the title",
              "fullTitle": "Window cy.title() - get the title",
              "timedOut": null,
              "duration": 134,
              "state": "passed",
              "speed": "slow",
              "pass": true,
              "fail": false,
              "pending": false,
              "context": null,
              "code": "// https://on.cypress.io/title\ncy.title().should('include', 'Kitchen Sink');",
              "err": {},
              "uuid": "c4c9e623-d204-46e6-a401-2733ea5582d1",
              "parentUUID": "6c3f79a6-a39a-44cf-97d3-ed8f5d20dcea",
              "isHook": false,
              "skipped": false
            }
          ],
          "suites": [],
          "passes": [
            "b95067f6-35bd-4df9-b632-a9af35e8b31d",
            "2fd72c37-c05f-480e-b437-cc926102ed66",
            "c4c9e623-d204-46e6-a401-2733ea5582d1"
          ],
          "failures": [],
          "pending": [],
          "skipped": [],
          "duration": 1008,
          "root": false,
          "rootEmpty": false,
          "_timeout": 2000
        }
      ],
      "passes": [],
      "failures": [],
      "pending": [],
      "skipped": [],
      "duration": 0,
      "root": true,
      "rootEmpty": true,
      "_timeout": 2000
    }
  ],
  "meta": {
    "mocha": {
      "version": "7.0.1"
    },
    "mochawesome": {
      "options": {
        "quiet": false,
        "reportFilename": "mochawesome",
        "saveHtml": false,
        "saveJson": true,
        "consoleReporter": "spec",
        "useInlineDiffs": false,
        "code": true
      },
      "version": "6.1.1"
    },
    "marge": {
      "options": {
        "overwrite": false,
        "html": false,
        "json": true
      },
      "version": "5.1.0"
    }
  }
}